Android App/app/build/intermediates/manifest_merge_blame_file/debug/manifest-merger-blame-debug-report.txt
1<?xml version="1.0" encoding="utf-8"?>
2<manifest xmlns:android="http://schemas.android.com/apk/res/android"
3    package="com.sameer.reco"
4    android:versionCode="1"
5    android:versionName="1.0" >
6
7    <uses-sdk
8        android:minSdkVersion="28"
8-->src\main\AndroidManifest.xml
9        android:targetSdkVersion="28" />
9-->src\main\AndroidManifest.xml
10
11    <uses-permission android:name="android.permission.INTERNET" />
11-->src\main\AndroidManifest.xml:6:5-67
11-->src\main\AndroidManifest.xml:6:22-64
12    <uses-permission android:name="android.permission.ACCESS_NETWORK_STATE" />
12-->src\main\AndroidManifest.xml:7:5-79
12-->src\main\AndroidManifest.xml:7:22-76
13
14    <application
14-->src\main\AndroidManifest.xml:9:5-31:19
15        android:allowBackup="true"
15-->src\main\AndroidManifest.xml:10:9-35
16        android:appComponentFactory="androidx.core.app.CoreComponentFactory"
16-->[androidx.core:core:1.1.0] AndroidManifest.xml:24:18-86
17        android:debuggable="true"
18        android:icon="@mipmap/ic_launcher"
18-->src\main\AndroidManifest.xml:11:9-43
19        android:label="@string/app_name"
19-->src\main\AndroidManifest.xml:12:9-41
20        android:roundIcon="@mipmap/ic_launcher_round"
20-->src\main\AndroidManifest.xml:13:9-54
21        android:supportsRtl="true"
21-->src\main\AndroidManifest.xml:14:9-35
22        android:theme="@style/AppTheme"
22-->src\main\AndroidManifest.xml:15:9-40
23        android:usesCleartextTraffic="true" >
23-->src\main\AndroidManifest.xml:16:9-44
24        <activity android:name="com.sameer.reco.Splash" >
24-->src\main\AndroidManifest.xml:18:9-24:20
24-->src\main\AndroidManifest.xml:18:19-41
25            <intent-filter>
25-->src\main\AndroidManifest.xml:19:13-23:29
26                <action android:name="android.intent.action.MAIN" />
26-->src\main\AndroidManifest.xml:20:17-69
26-->src\main\AndroidManifest.xml:20:25-66
27
28                <category android:name="android.intent.category.LAUNCHER" />
28-->src\main\AndroidManifest.xml:22:17-77
28-->src\main\AndroidManifest.xml:22:27-74
29            </intent-filter>
30        </activity>
31        <activity android:name="com.sameer.reco.ReportText" />
31-->src\main\AndroidManifest.xml:25:9-48
31-->src\main\AndroidManifest.xml:25:19-45
32        <activity android:name="com.sameer.reco.ProfileActivity" />
32-->src\main\AndroidManifest.xml:26:9-53
32-->src\main\AndroidManifest.xml:26:19-50
33        <activity android:name="com.sameer.reco.ReportsActivity" />
33-->src\main\AndroidManifest.xml:27:9-53
33-->src\main\AndroidManifest.xml:27:19-50
34        <activity android:name="com.sameer.reco.LoginActivity" />
34-->src\main\AndroidManifest.xml:28:9-51
34-->src\main\AndroidManifest.xml:28:19-48
35        <activity android:name="com.sameer.reco.UserAreaActivity" />
35-->src\main\AndroidManifest.xml:29:9-54
35-->src\main\AndroidManifest.xml:29:19-51
36        <activity android:name="com.sameer.reco.RegisterActivity" />
36-->src\main\AndroidManifest.xml:30:9-54
36-->src\main\AndroidManifest.xml:30:19-51
37    </application>
38
39</manifest>